43.029376
43.05505
43.15619
43.257604
43.358453
43.46018
43.560757
43.661768
43.763831
43.865608
43.96733
44.068436
44.170599
44.272049
44.373316
44.474231
44.575742
44.676976
44.778064
44.879461
44.980475
45.081798
45.182691
45.284103
45.385128
45.487117
45.588347
45.69032
45.790897
45.892248
45.993037
46.09524
46.196069
46.297991
46.399108
46.50062
46.601385
46.702823
46.804121
46.906132
47.006728
47.107684
47.208739
47.309034
47.410298
47.511558
47.612983
47.714515
47.816188
47.917276
48.01859
48.119447
48.220698
48.322403
48.423667
48.524792
48.625991
48.727005
48.828615
48.929743
49.031093
49.132792
49.234505
49.336023
49.436806
49.537811
49.640429
49.742188
49.843174
49.944511
50.045386
50.146627
50.24833
50.349295
50.450669
50.551325
50.653275
50.75502
50.856128
