43.054581
43.082777
43.176613
43.278042
43.376425
43.477586
43.603945
43.76002
43.783108
43.884192
43.984592
44.087296
44.188397
44.309697
44.397007
44.509831
44.590818
44.693371
44.796595
44.893553
44.997742
45.149345
45.256698
45.301433
45.398575
45.521307
45.62268
45.70665
45.806288
45.909185
46.012747
46.107956
46.209562
46.332698
46.4277
46.543387
46.633245
46.73588
46.814673
46.915989
47.039039
47.119431
47.219944
47.320691
47.42331
47.529639
47.622757
47.723427
47.853405
47.925614
48.117317
48.15658
48.265479
48.3395
48.431456
48.534833
48.637884
48.736975
48.856597
48.95753
49.037307
49.145873
49.239853
49.33945
49.503809
49.639379
49.712582
49.768993
49.864892
49.968249
50.069316
50.169654
50.273842
50.369911
50.479135
50.572105
50.677732
50.776541
